<?xml version="1.0" encoding="UTF-8"?>
<robot generator="Robot 7.0.1 (Python 3.12.5 on win32)" generated="2024-09-05T08:51:26.320054" rpa="false" schemaversion="5">
<suite id="s1" name="Login" source="C:\Users\Administrator\PycharmProjects\RobotFrameworkPractice\Login.robot">
<test id="s1-t1" name="Successful login with valid credentials" line="21">
<kw name="Open Test Application">
<kw name="Open Application" owner="AppiumLibrary">
<arg>${APPIUM_SERVER}</arg>
<arg>automationName=${ANDROID_AUTOMATION_NAME}</arg>
<arg>platformName=${ANDROID_PLATFORM_NAME}</arg>
<arg>platformVersion=${ANDROID_PLATFORM_VERSION}</arg>
<arg>deviceName=${DEVICE_NAME}</arg>
<arg>appPackage=${APP_PACKAGE}</arg>
<arg>appActivity=${APP_ACTIVITY}</arg>
<doc>Opens a new application to given Appium server.
Capabilities of appium server, Android and iOS,
Please check https://appium.io/docs/en/2.1/cli/args/
| *Option*            | *Man.* | *Description*     |
| remote_url          | Yes    | Appium server url |
| alias               | no     | alias             |
| strict_ssl          | No     | allows you to send commands to an invalid certificate host like a self-signed one. |</doc>
<status status="PASS" start="2024-09-05T08:51:26.584073" elapsed="5.583497"/>
</kw>
<status status="PASS" start="2024-09-05T08:51:26.583060" elapsed="5.584510"/>
</kw>
<kw name="Click Element" owner="AppiumLibrary">
<msg time="2024-09-05T08:51:32.170619" level="INFO">Clicking element '//android.widget.TextView[@text="Login"]'.</msg>
<msg time="2024-09-05T08:51:34.374358" level="INFO">xpath criteria: //android.widget.TextView[@text="Login"]</msg>
<arg>${LOGIN_LOCATOR}</arg>
<doc>Click element identified by `locator`.</doc>
<status status="PASS" start="2024-09-05T08:51:32.167570" elapsed="2.206788"/>
</kw>
<kw name="Wait Until Element Is Visible" owner="AppiumLibrary">
<msg time="2024-09-05T08:51:35.377351" level="INFO">xpath criteria: //android.widget.EditText[@content-desc="input-email"]
xpath criteria: //android.widget.EditText[@content-desc="input-email"]</msg>
<arg>${EMAIL_LOCATOR}</arg>
<arg>10 seconds</arg>
<doc>Waits until element specified with `locator` is visible.</doc>
<status status="PASS" start="2024-09-05T08:51:34.374358" elapsed="1.002993"/>
</kw>
<kw name="Input Text" owner="AppiumLibrary">
<msg time="2024-09-05T08:51:35.379084" level="INFO">Typing text 'hassan@gmail.com' into text field 'xpath=//android.widget.EditText[@content-desc="input-email"]'</msg>
<msg time="2024-09-05T08:51:35.997892" level="INFO">xpath criteria: //android.widget.EditText[@content-desc="input-email"]</msg>
<arg>${EMAIL_LOCATOR}</arg>
<arg>hassan@gmail.com</arg>
<doc>Types the given `text` into text field identified by `locator`.</doc>
<status status="PASS" start="2024-09-05T08:51:35.377351" elapsed="0.620541"/>
</kw>
<kw name="Wait Until Element Is Visible" owner="AppiumLibrary">
<msg time="2024-09-05T08:51:36.574049" level="INFO">xpath criteria: //android.widget.EditText[@content-desc="input-password"]</msg>
<arg>${PASSWORD_LOCATOR}</arg>
<arg>10 seconds</arg>
<doc>Waits until element specified with `locator` is visible.</doc>
<status status="PASS" start="2024-09-05T08:51:35.998753" elapsed="0.575296"/>
</kw>
<kw name="Input Password" owner="AppiumLibrary">
<msg time="2024-09-05T08:51:36.575642" level="INFO">Typing password into text field 'xpath=//android.widget.EditText[@content-desc="input-password"]'</msg>
<msg time="2024-09-05T08:51:37.276400" level="INFO">xpath criteria: //android.widget.EditText[@content-desc="input-password"]</msg>
<arg>${PASSWORD_LOCATOR}</arg>
<arg>43853344</arg>
<doc>Types the given password into text field identified by `locator`.</doc>
<status status="PASS" start="2024-09-05T08:51:36.574049" elapsed="0.702351"/>
</kw>
<kw name="Wait Until Element Is Visible" owner="AppiumLibrary">
<msg time="2024-09-05T08:51:37.884503" level="INFO">xpath criteria: //android.view.ViewGroup[@content-desc="button-LOGIN"]/android.view.ViewGroup</msg>
<arg>${LOGIN_BUTTON}</arg>
<arg>10 seconds</arg>
<doc>Waits until element specified with `locator` is visible.</doc>
<status status="PASS" start="2024-09-05T08:51:37.276400" elapsed="0.609108"/>
</kw>
<kw name="Click Element" owner="AppiumLibrary">
<msg time="2024-09-05T08:51:37.886818" level="INFO">Clicking element '//android.view.ViewGroup[@content-desc="button-LOGIN"]/android.view.ViewGroup'.</msg>
<msg time="2024-09-05T08:51:38.001141" level="INFO">xpath criteria: //android.view.ViewGroup[@content-desc="button-LOGIN"]/android.view.ViewGroup</msg>
<arg>${LOGIN_BUTTON}</arg>
<doc>Click element identified by `locator`.</doc>
<status status="PASS" start="2024-09-05T08:51:37.885508" elapsed="0.115633"/>
</kw>
<kw name="Wait Until Element Is Visible" owner="AppiumLibrary">
<msg time="2024-09-05T08:51:40.123867" level="INFO">xpath criteria: //android.widget.TextView[@resource-id="android:id/message"]
xpath criteria: //android.widget.TextView[@resource-id="android:id/message"]
xpath criteria: //android.widget.TextView[@resource-id="android:id/message"]
xpath criteria: //android.widget.TextView[@resource-id="android:id/message"]
xpath criteria: //android.widget.TextView[@resource-id="android:id/message"]</msg>
<arg>${MESSAGE}</arg>
<arg>10 seconds</arg>
<doc>Waits until element specified with `locator` is visible.</doc>
<status status="PASS" start="2024-09-05T08:51:38.002143" elapsed="2.121724"/>
</kw>
<kw name="Element Text Should Be" owner="AppiumLibrary">
<msg time="2024-09-05T08:51:40.125377" level="INFO">Verifying element '//android.widget.TextView[@resource-id="android:id/message"]' contains exactly text 'You are logged in!'.</msg>
<msg time="2024-09-05T08:51:40.177960" level="INFO">xpath criteria: //android.widget.TextView[@resource-id="android:id/message"]</msg>
<arg>${MESSAGE}</arg>
<arg>You are logged in!</arg>
<doc>Verifies element identified by ``locator`` exactly contains text ``expected``.</doc>
<status status="PASS" start="2024-09-05T08:51:40.123867" elapsed="0.054595"/>
</kw>
<kw name="Close Application" owner="AppiumLibrary">
<doc>Closes the current application and also close webdriver session.</doc>
<status status="PASS" start="2024-09-05T08:51:40.178462" elapsed="0.261156"/>
</kw>
<status status="PASS" start="2024-09-05T08:51:26.583060" elapsed="13.856558"/>
</test>
<status status="PASS" start="2024-09-05T08:51:26.367743" elapsed="14.072878"/>
</suite>
<statistics>
<total>
<stat pass="1" fail="0" skip="0">All Tests</stat>
</total>
<tag>
</tag>
<suite>
<stat pass="1" fail="0" skip="0" id="s1" name="Login">Login</stat>
</suite>
</statistics>
<errors>
</errors>
</robot>
